<?xml version="1.0" encoding="UTF-8"?>
<!-- Generated by org.testng.reporters.JUnitReportReporter -->
<testsuite hostname="CPU0441" failures="0" tests="3" name="test.Case1" time="0.009" errors="0" timestamp="2024-07-22T17:34:21 IST" skipped="0">
  <testcase classname="test.Case1" name="test2" time="0.002"/>
  <system-out/>
  <testcase classname="test.Case1" name="test3" time="0.000"/>
  <system-out/>
  <testcase classname="test.Case1" name="test1" time="0.007"/>
  <system-out/>
</testsuite> <!-- test.Case1 -->
