<?xml version="1.0" encoding="UTF-8"?>
<!-- Generated by org.testng.reporters.JUnitReportReporter -->
<testsuite hostname="CPU0441" failures="0" tests="1" name="test.Sands_department" time="0.005" errors="0" timestamp="2025-03-19T15:26:06 IST" skipped="0">
  <testcase classname="test.Sands_department" name="calibration_Lab" time="0.005"/>
  <system-out/>
</testsuite> <!-- test.Sands_department -->
