<?xml version="1.0" encoding="UTF-8"?>
<!-- Generated by org.testng.reporters.JUnitReportReporter -->
<testsuite hostname="CPU0441" failures="0" tests="2" name="test.Case2" time="0.002" errors="0" timestamp="2024-07-22T17:34:21 IST" skipped="0">
  <testcase classname="test.Case2" name="test3" time="0.001"/>
  <system-out/>
  <testcase classname="test.Case2" name="test1" time="0.001"/>
  <system-out/>
</testsuite> <!-- test.Case2 -->
