<?xml version="1.0" encoding="UTF-8"?>
<!-- Generated by org.testng.reporters.JUnitReportReporter -->
<testsuite hostname="CPU0441" failures="0" tests="1" name="test.Case1" time="0.002" errors="0" timestamp="2025-03-19T15:26:06 IST" skipped="0">
  <testcase classname="test.Case1" name="test1" time="0.002"/>
  <system-out/>
</testsuite> <!-- test.Case1 -->
