<?xml version="1.0" encoding="UTF-8"?>
<!-- Generated by org.testng.reporters.JUnitReportReporter -->
<testsuite hostname="CPU0441" failures="0" tests="6" name="test.Sands_department2" time="0.006" errors="0" timestamp="2025-03-19T15:26:06 IST" skipped="0">
  <testcase classname="test.Sands_department2" name="dac" time="0.000"/>
  <system-out/>
  <testcase classname="test.Sands_department2" name="Hr" time="0.001"/>
  <system-out/>
  <testcase classname="test.Sands_department2" name="collection" time="0.002"/>
  <system-out/>
  <testcase classname="test.Sands_department2" name="ppc" time="0.002"/>
  <system-out/>
  <testcase classname="test.Sands_department2" name="accounts" time="0.000"/>
  <system-out/>
  <testcase classname="test.Sands_department2" name="qc" time="0.001"/>
  <system-out/>
</testsuite> <!-- test.Sands_department2 -->
