<?xml version="1.0" encoding="UTF-8"?>
<!-- Generated by org.testng.reporters.JUnitReportReporter -->
<testsuite hostname="CPU0441" failures="0" tests="3" name="test.Case2" time="0.003" errors="0" timestamp="2025-03-19T15:26:06 IST" skipped="0">
  <testcase classname="test.Case2" name="test3" time="0.001"/>
  <system-out/>
  <testcase classname="test.Case2" name="test1" time="0.001"/>
  <system-out/>
  <testcase classname="test.Case2" name="test2" time="0.001"/>
  <system-out/>
</testsuite> <!-- test.Case2 -->
