<?xml version="1.0" encoding="UTF-8"?>
<!-- Generated by org.testng.reporters.JUnitReportReporter -->
<testsuite hostname="CPU0441" failures="0" tests="1" name="sands.Stream" time="0.011" errors="0" timestamp="2024-12-05T18:05:41 IST" skipped="0">
  <testcase classname="sands.Stream" name="streamcollect" time="0.011"/>
</testsuite> <!-- sands.Stream -->
