<?xml version="1.0" encoding="UTF-8"?>
<!-- Generated by org.testng.reporters.JUnitReportReporter -->
<testsuite hostname="CPU0441" failures="0" tests="1" name="com.simplilearn.mavenproject.Industrial_Solutions" time="0.010" errors="0" timestamp="2025-04-03T17:30:39 IST" skipped="1">
  <testcase classname="com.simplilearn.mavenproject.Industrial_Solutions" name="IndustrialSolutions" time="0.010">
    <skipped/>
  </testcase> <!-- IndustrialSolutions -->
</testsuite> <!-- com.simplilearn.mavenproject.Industrial_Solutions -->
